<?xml version="1.0" encoding="UTF-8"?>
<Site BuildName="Win32-MSBuild"
	BuildStamp="20210214-2100-Experimental"
	Name="LAPTOP-AROOD0FT"
	Generator="ctest-3.19.2"
	CompilerName="C:/Program Files (x86)/Microsoft Visual Studio/2017/BuildTools/VC/Tools/MSVC/14.16.27023/bin/Hostx64/x64/cl.exe"
	CompilerVersion="19.16.27041.0"
	OSName="Windows"
	Hostname="LAPTOP-AROOD0FT"
	OSRelease=" Personal"
	OSVersion=" (Build 19042)"
	OSPlatform="AMD64"
	Is64Bits="1"
	VendorString="GenuineIntel"
	VendorID="Intel Corporation"
	FamilyID="6"
	ModelID="14"
	ProcessorCacheSize="-1"
	NumberOfLogicalCPU="12"
	NumberOfPhysicalCPU="6"
	TotalVirtualMemory="18665"
	TotalPhysicalMemory="16233"
	LogicalProcessorsPerPhysical="2"
	ProcessorClockFrequency="2208"
	>
	<Testing>
		<StartDateTime>Feb 14 16:00 Eastern Standard Time</StartDateTime>
		<StartTestTime>1613336457</StartTestTime>
		<TestList/>
		<EndDateTime>Feb 14 16:00 Eastern Standard Time</EndDateTime>
		<EndTestTime>1613336457</EndTestTime>
		<ElapsedMinutes>0</ElapsedMinutes>
	</Testing>
</Site>
